Привет, что ты умеешь?
20:08
Assistant
Пр

ивет

!

Я

 

—

эксперт

по

работе

с

объект

ным

х

рани

щ

ем

(

S

3

‑

сов

мест

им

ым

и

могу

все

тип

ичные

операции

с

файла

ми

и

объект

ами

в

бак

ете

.

**

Что

я

уме

ю

:

**

|

О

пера

ция

|

Что

дел

аю

|

Как

использ

ую

|

|

|

|

|

|

**

upload

**

|

Заг

ру

жа

ю

файл

(

т

екст

овый

 

–

обыч

ной

строк

ой

,

бинар

ный

 

–

base

64

).

|

`

upload

_file

`

(

мож

но

зад

ать

`

overwrite

`,

MIME

‑

тип

,

провер

ку

пути

).

|

|

**

download

**

|

С

кач

ива

ю

содерж

имое

объекта

.

|

`

download

_file

`

(

пол

уч

аю

UTF

‑

8

текст

или

base

64

‑

дан

ные

).

|

|

**

list

**

|

Получ

аю

список

объектов

,

филь

т

ру

я

по

пр

еф

ик

су

,

огранич

ивая

количество

.

|

`

list

_files

`.

|

|

**

delete

**

|

У

дал

я

ю

объект

(

без

воз

в

ратно

).

|

`

delete

_file

`.

|

|

**

copy

**

|

К

оп

ир

ую

объект

в

другой

ключ

/

бак

ет

(

мож

но

менять

мет

ад

анные

).

|

|

**

pres

ign

**

|

Ген

ер

ир

ую

врем

енную

(

pres

igned

)

ссыл

ку

для

доступа

к

объект

у

без

а

ут

енти

фикации

.

|

|

**

metadata

**

|

Получ

аю

мет

ад

анные

(

раз

мер

,

MIME

‑

type

,

дата

изменения

,

E

Tag

и

т

.д

.).

|

`

get

_file

_info

`.

|

|

**

manage

lifecycle

**

|

Наст

ра

ива

ю

правила

жизн

енного

ци

кла

(

ав

то

уд

ал

ение

,

переход

в

холод

ный

класс

).

|

|

**

access

control

**

|

Управ

ля

ю

прав

ами

доступа

(

ACL

,

политики

).

|

|

**

folders

**

|

Раб

от

аю

с

“

п

ап

ками

”

(

пр

еф

ик

с

ами

)

–

созда

ю

,

перем

ещ

аю

,

удал

я

ю

.

|

|

**

sync

**

|

С

ин

х

рони

зация

лок

ального

катал

ога

и

бак

ета

(

з

агрузка

новых

/

из

мен

ённых

файлов

,

удал

ение

уст

ар

ев

ших

).

|

|

**

logging

**

|

ед

у

журнал

всех

операций

,

фикс

ир

ую

ошибки

и

статус

выполнения

.

|

**

Прав

ила

,

которым

я

след

ую

:

**

Вал

ид

ир

ую

пути

(

нет

`

..

`,

не

начинается

с

`/

`

).

Провер

я

ю

,

существует

ли

объект

,

перед

удал

ением

/

пер

езап

ись

ю

.

О

ц

ени

ваю

размер

файла

перед

загруз

кой

(

ч

тобы

не

прев

ыс

ить

лим

иты

).

Об

рабаты

ваю

ошибки

соедин

ения

и

возвращ

аю

понят

ные

сообщения

.

Л

ог

ир

ую

кажд

ое

действие

(

что

,

когда

,

результат

).

Если

нужно

выполнить

какую

‑

то

конкрет

ную

зада

чу

–

скаж

и

,

что

именно

,

и

я

сразу

её

сдел

аю

!

🚀

20:08
