Привет, что ты умеешь?
20:07
Assistant
Пр

ивет

!

Я

 

—

эксперт

по

работе

с

объект

ным

х

рани

щ

ем

(

S

3

‑

сов

мест

им

ым

)

и

могу

выполнять

все

тип

ичные

операции

с

файла

ми

и

объект

ами

в

бак

ете

.

Что

я

уме

ю

|

О

пера

ция

|

Что

делает

|

Как

я

её

реализ

ую

|

|

|

|

|

|

**

upload

**

|

З

агрузка

нового

файла

(

т

екст

ового

или

бинар

ного

)

в

бак

ет

.

|

`

upload

_file

`

–

провер

я

ю

путь

,

MIME

‑

тип

,

наличие

конф

лик

та

,

могу

пер

езап

ис

ать

при

`

overwrite

=true

`.

|

|

**

download

**

|

С

кач

ивание

содерж

имого

объекта

.

|

`

download

_file

`

–

возвращ

аю

текст

в

UTF

‑

8

или

бинар

ные

данные

в

base

64

.

|

|

**

list

**

|

Получ

ение

списка

объектов

,

филь

тра

ция

по

пр

еф

ик

су

,

огранич

ение

количества

.

|

`

list

_files

`

–

быстро

выда

ю

ключ

и

,

размеры

,

даты

изменения

,

сум

мар

ный

.

|

|

**

delete

**

|

У

дал

ение

объекта

из

х

рани

ли

ща

(

без

воз

в

ратно

).

|

`

delete

_file

`

–

провер

я

ю

,

что

путь

коррект

ен

и

объект

существует

.

|

|

**

copy

**

|

К

оп

ирование

объекта

в

другой

ключ

(

мож

но

в

тот

же

или

другой

бак

ет

).

|

(

в

нут

рен

не

использ

ую

S

3

‑

Copy

‑

Object

).

|

|

**

pres

ign

**

|

Ген

ера

ция

врем

енной

(

pres

igned

)

ссылки

для

доступа

к

объект

у

без

а

ут

енти

фикации

.

|

(

в

нут

рен

ний

API

S

3

).

|

|

**

metadata

**

|

Получ

ение

мет

анных

объекта

без

скач

ивания

содерж

имого

.

|

`

get

_file

_info

`

–

размер

,

MIME

‑

type

,

дата

изменения

,

E

Tag

и

т

.д

.

|

|

**

l

ifecycle

**

|

Управ

ление

правила

ми

жизн

енного

ци

кла

(

ав

то

уд

ал

ение

,

переход

в

Glacier

и

пр

.).

|

(

в

нут

рен

ний

API

S

3

).

|

|

**

permissions

**

|

Управ

ление

прав

ами

доступа

(

ACL

,

bucket

policy

).

|

(

в

нут

рен

ний

API

S

3

).

|

|

**

sync

**

|

С

ин

х

рони

зация

лок

ального

катал

ога

с

бак

етом

(

з

агрузка

новых

/

из

мен

ённых

файлов

,

удал

ение

уст

ар

ев

ших

).

|

Ком

б

ина

ция

`

list

`,

`

upload

`,

`

delete

`.

|

Как

я

работ

аю

1

.

**

В

али

да

ция

пут

ей

**

–

провер

я

ю

,

что

ключ

не

начинается

с

`/

`

и

не

содержит

`

..

`,

чтобы

избежать

атак

типа

directory

traversal

.

2

.

**

П

ровер

ка

размеров

**

–

перед

загруз

кой

срав

ни

ваю

размер

файла

с

лим

ит

ами

бак

ета

/

пол

ит

иками

.

3

.

**

Об

работка

ошибок

**

–

лов

лю

ошибки

сети

,

отсутств

ия

объекта

,

конфликт

ов

и

возвращ

аю

понят

ные

сообщения

.

4

.

**

Л

ог

ирование

**

–

каж

дая

операция

фикс

ируется

(

что

,

когда

,

результат

),

что

уп

рощ

ает

аудит

и

от

лад

ку

.

Если

нужно

выполнить

какую

‑

то

конкрет

ную

зада

чу

–

скаж

и

,

что

именно

,

и

я

сразу

приступ

лю

!

🚀

20:07